{"/home/users/adeshpal/adesh/nodes/movies/server.js": {"path":"/home/users/adeshpal/adesh/nodes/movies/server.js","statementMap":{"0":{"start":{"line":1,"column":16},"end":{"line":1,"column":34}},"1":{"start":{"line":2,"column":12},"end":{"line":2,"column":21}},"2":{"start":{"line":3,"column":12},"end":{"line":3,"column":26}},"3":{"start":{"line":4,"column":0},"end":{"line":4,"column":44}},"4":{"start":{"line":6,"column":0},"end":{"line":6,"column":31}},"5":{"start":{"line":7,"column":0},"end":{"line":7,"column":34}},"6":{"start":{"line":8,"column":0},"end":{"line":8,"column":26}},"7":{"start":{"line":9,"column":0},"end":{"line":9,"column":31}},"8":{"start":{"line":11,"column":0},"end":{"line":13,"column":3}},"9":{"start":{"line":12,"column":4},"end":{"line":12,"column":21}},"10":{"start":{"line":15,"column":0},"end":{"line":15,"column":43}},"11":{"start":{"line":16,"column":0},"end":{"line":16,"column":21}}},"fnMap":{},"branchMap":{"0":{"loc":{"start":{"line":11,"column":0},"end":{"line":13,"column":3}},"type":"if","locations":[{"start":{"line":11,"column":0},"end":{"line":13,"column":3}},{"start":{"line":11,"column":0},"end":{"line":13,"column":3}}],"line":11}},"s":{"0":2,"1":2,"2":2,"3":2,"4":2,"5":2,"6":2,"7":2,"8":2,"9":0,"10":2,"11":2},"f":{},"b":{"0":[0,2]},"_coverageSchema":"43e27e138ebf9cfc5966b082cf9a028302ed4184","hash":"3ad30ea4bf301aa4c6db66aed7cb91681b12f270"}
,"/home/users/adeshpal/adesh/nodes/movies/middlewares/admin.js": {"path":"/home/users/adeshpal/adesh/nodes/movies/middlewares/admin.js","statementMap":{"0":{"start":{"line":1,"column":10},"end":{"line":1,"column":33}},"1":{"start":{"line":3,"column":0},"end":{"line":16,"column":1}},"2":{"start":{"line":4,"column":24},"end":{"line":4,"column":51}},"3":{"start":{"line":5,"column":4},"end":{"line":13,"column":5}},"4":{"start":{"line":6,"column":22},"end":{"line":6,"column":65}},"5":{"start":{"line":7,"column":8},"end":{"line":7,"column":81}},"6":{"start":{"line":7,"column":29},"end":{"line":7,"column":81}},"7":{"start":{"line":8,"column":8},"end":{"line":8,"column":29}},"8":{"start":{"line":9,"column":8},"end":{"line":9,"column":15}},"9":{"start":{"line":12,"column":8},"end":{"line":12,"column":57}}},"fnMap":{"0":{"name":"(anonymous_0)","decl":{"start":{"line":3,"column":15},"end":{"line":3,"column":16}},"loc":{"start":{"line":3,"column":31},"end":{"line":16,"column":1}},"line":3}},"branchMap":{"0":{"loc":{"start":{"line":7,"column":8},"end":{"line":7,"column":81}},"type":"if","locations":[{"start":{"line":7,"column":8},"end":{"line":7,"column":81}},{"start":{"line":7,"column":8},"end":{"line":7,"column":81}}],"line":7}},"s":{"0":2,"1":2,"2":0,"3":0,"4":0,"5":0,"6":0,"7":0,"8":0,"9":0},"f":{"0":0},"b":{"0":[0,0]},"_coverageSchema":"43e27e138ebf9cfc5966b082cf9a028302ed4184","hash":"667c2cbfac40232041deb2d3b958a1bc24e52379"}
,"/home/users/adeshpal/adesh/nodes/movies/middlewares/auth.js": {"path":"/home/users/adeshpal/adesh/nodes/movies/middlewares/auth.js","statementMap":{"0":{"start":{"line":1,"column":12},"end":{"line":1,"column":35}},"1":{"start":{"line":2,"column":13},"end":{"line":2,"column":30}},"2":{"start":{"line":3,"column":0},"end":{"line":16,"column":1}},"3":{"start":{"line":4,"column":22},"end":{"line":4,"column":49}},"4":{"start":{"line":5,"column":4},"end":{"line":14,"column":3}},"5":{"start":{"line":6,"column":23},"end":{"line":6,"column":67}},"6":{"start":{"line":7,"column":8},"end":{"line":7,"column":31}},"7":{"start":{"line":8,"column":8},"end":{"line":8,"column":15}},"8":{"start":{"line":10,"column":4},"end":{"line":13,"column":7}}},"fnMap":{"0":{"name":"(anonymous_0)","decl":{"start":{"line":3,"column":17},"end":{"line":3,"column":18}},"loc":{"start":{"line":3,"column":37},"end":{"line":16,"column":1}},"line":3}},"branchMap":{},"s":{"0":2,"1":2,"2":2,"3":21,"4":21,"5":21,"6":17,"7":17,"8":4},"f":{"0":21},"b":{},"_coverageSchema":"43e27e138ebf9cfc5966b082cf9a028302ed4184","hash":"7e01721d3d5ebf8457f7aebdf4f565ca715afffc"}
,"/home/users/adeshpal/adesh/nodes/movies/middlewares/errors.js": {"path":"/home/users/adeshpal/adesh/nodes/movies/middlewares/errors.js","statementMap":{"0":{"start":{"line":1,"column":14},"end":{"line":1,"column":32}},"1":{"start":{"line":2,"column":0},"end":{"line":22,"column":1}},"2":{"start":{"line":3,"column":4},"end":{"line":3,"column":39}},"3":{"start":{"line":13,"column":4},"end":{"line":13,"column":36}},"4":{"start":{"line":15,"column":4},"end":{"line":21,"column":7}}},"fnMap":{"0":{"name":"(anonymous_0)","decl":{"start":{"line":2,"column":15},"end":{"line":2,"column":16}},"loc":{"start":{"line":2,"column":41},"end":{"line":22,"column":1}},"line":2}},"branchMap":{"0":{"loc":{"start":{"line":13,"column":15},"end":{"line":13,"column":34}},"type":"binary-expr","locations":[{"start":{"line":13,"column":15},"end":{"line":13,"column":27}},{"start":{"line":13,"column":31},"end":{"line":13,"column":34}}],"line":13}},"s":{"0":2,"1":2,"2":0,"3":0,"4":0},"f":{"0":0},"b":{"0":[0,0]},"_coverageSchema":"43e27e138ebf9cfc5966b082cf9a028302ed4184","hash":"63b8c294e908decdb2a6b4d462823505ec90dea9"}
,"/home/users/adeshpal/adesh/nodes/movies/middlewares/id_check.js": {"path":"/home/users/adeshpal/adesh/nodes/movies/middlewares/id_check.js","statementMap":{"0":{"start":{"line":1,"column":17},"end":{"line":1,"column":36}},"1":{"start":{"line":2,"column":0},"end":{"line":8,"column":1}},"2":{"start":{"line":3,"column":4},"end":{"line":7,"column":5}},"3":{"start":{"line":4,"column":8},"end":{"line":4,"column":93}},"4":{"start":{"line":6,"column":8},"end":{"line":6,"column":15}}},"fnMap":{"0":{"name":"(anonymous_0)","decl":{"start":{"line":2,"column":17},"end":{"line":2,"column":18}},"loc":{"start":{"line":2,"column":43},"end":{"line":8,"column":1}},"line":2}},"branchMap":{"0":{"loc":{"start":{"line":3,"column":4},"end":{"line":7,"column":5}},"type":"if","locations":[{"start":{"line":3,"column":4},"end":{"line":7,"column":5}},{"start":{"line":3,"column":4},"end":{"line":7,"column":5}}],"line":3}},"s":{"0":2,"1":2,"2":9,"3":3,"4":6},"f":{"0":9},"b":{"0":[3,6]},"_coverageSchema":"43e27e138ebf9cfc5966b082cf9a028302ed4184","hash":"d35bcbf9c9994b09812b3d4dd4164f94e3ccede7"}
,"/home/users/adeshpal/adesh/nodes/movies/models/customer.js": {"path":"/home/users/adeshpal/adesh/nodes/movies/models/customer.js","statementMap":{"0":{"start":{"line":1,"column":17},"end":{"line":1,"column":36}},"1":{"start":{"line":3,"column":18},"end":{"line":12,"column":25}},"2":{"start":{"line":14,"column":0},"end":{"line":14,"column":56}}},"fnMap":{},"branchMap":{},"s":{"0":2,"1":2,"2":2},"f":{},"b":{},"_coverageSchema":"43e27e138ebf9cfc5966b082cf9a028302ed4184","hash":"e4fa9dca4d4a33d2240fe4dc5c79c2f634e22820"}
,"/home/users/adeshpal/adesh/nodes/movies/models/genres.js": {"path":"/home/users/adeshpal/adesh/nodes/movies/models/genres.js","statementMap":{"0":{"start":{"line":1,"column":17},"end":{"line":1,"column":36}},"1":{"start":{"line":3,"column":20},"end":{"line":5,"column":25}},"2":{"start":{"line":7,"column":0},"end":{"line":7,"column":52}}},"fnMap":{},"branchMap":{},"s":{"0":2,"1":2,"2":2},"f":{},"b":{},"_coverageSchema":"43e27e138ebf9cfc5966b082cf9a028302ed4184","hash":"754fd4c32f89dfae169eb22ec2f71161f5cc61df"}
,"/home/users/adeshpal/adesh/nodes/movies/models/movies.js": {"path":"/home/users/adeshpal/adesh/nodes/movies/models/movies.js","statementMap":{"0":{"start":{"line":1,"column":17},"end":{"line":1,"column":36}},"1":{"start":{"line":4,"column":21},"end":{"line":14,"column":25}},"2":{"start":{"line":16,"column":0},"end":{"line":16,"column":56}}},"fnMap":{},"branchMap":{},"s":{"0":2,"1":2,"2":2},"f":{},"b":{},"_coverageSchema":"43e27e138ebf9cfc5966b082cf9a028302ed4184","hash":"f960866234c8fad868ee21bfb79f493a7aad4ad3"}
,"/home/users/adeshpal/adesh/nodes/movies/models/rental.js": {"path":"/home/users/adeshpal/adesh/nodes/movies/models/rental.js","statementMap":{"0":{"start":{"line":1,"column":17},"end":{"line":1,"column":36}},"1":{"start":{"line":3,"column":21},"end":{"line":67,"column":2}},"2":{"start":{"line":68,"column":0},"end":{"line":68,"column":57}}},"fnMap":{},"branchMap":{},"s":{"0":2,"1":2,"2":2},"f":{},"b":{},"_coverageSchema":"43e27e138ebf9cfc5966b082cf9a028302ed4184","hash":"b7550d69d3456ddc868377517a36cecfa647d525"}
,"/home/users/adeshpal/adesh/nodes/movies/models/users.js": {"path":"/home/users/adeshpal/adesh/nodes/movies/models/users.js","statementMap":{"0":{"start":{"line":1,"column":17},"end":{"line":1,"column":36}},"1":{"start":{"line":2,"column":15},"end":{"line":2,"column":32}},"2":{"start":{"line":3,"column":12},"end":{"line":3,"column":35}},"3":{"start":{"line":4,"column":19},"end":{"line":9,"column":25}},"4":{"start":{"line":12,"column":0},"end":{"line":16,"column":1}},"5":{"start":{"line":14,"column":18},"end":{"line":14,"column":114}},"6":{"start":{"line":15,"column":4},"end":{"line":15,"column":17}},"7":{"start":{"line":17,"column":0},"end":{"line":17,"column":53}}},"fnMap":{"0":{"name":"(anonymous_0)","decl":{"start":{"line":12,"column":31},"end":{"line":12,"column":32}},"loc":{"start":{"line":12,"column":43},"end":{"line":16,"column":1}},"line":12}},"branchMap":{},"s":{"0":2,"1":2,"2":2,"3":2,"4":2,"5":17,"6":17,"7":2},"f":{"0":17},"b":{},"_coverageSchema":"43e27e138ebf9cfc5966b082cf9a028302ed4184","hash":"e8991c7b563336f83314b5b6404094cca95f0883"}
,"/home/users/adeshpal/adesh/nodes/movies/routes/customers_api.js": {"path":"/home/users/adeshpal/adesh/nodes/movies/routes/customers_api.js","statementMap":{"0":{"start":{"line":1,"column":16},"end":{"line":1,"column":34}},"1":{"start":{"line":2,"column":15},"end":{"line":2,"column":31}},"2":{"start":{"line":3,"column":18},"end":{"line":3,"column":47}},"3":{"start":{"line":4,"column":12},"end":{"line":4,"column":26}},"4":{"start":{"line":7,"column":0},"end":{"line":11,"column":3}},"5":{"start":{"line":9,"column":19},"end":{"line":9,"column":43}},"6":{"start":{"line":10,"column":4},"end":{"line":10,"column":33}},"7":{"start":{"line":15,"column":0},"end":{"line":26,"column":3}},"8":{"start":{"line":16,"column":22},"end":{"line":16,"column":49}},"9":{"start":{"line":17,"column":4},"end":{"line":17,"column":69}},"10":{"start":{"line":17,"column":15},"end":{"line":17,"column":69}},"11":{"start":{"line":18,"column":15},"end":{"line":22,"column":6}},"12":{"start":{"line":23,"column":19},"end":{"line":23,"column":36}},"13":{"start":{"line":24,"column":4},"end":{"line":24,"column":81}},"14":{"start":{"line":24,"column":16},"end":{"line":24,"column":81}},"15":{"start":{"line":28,"column":0},"end":{"line":41,"column":3}},"16":{"start":{"line":29,"column":22},"end":{"line":29,"column":49}},"17":{"start":{"line":30,"column":4},"end":{"line":30,"column":69}},"18":{"start":{"line":30,"column":15},"end":{"line":30,"column":69}},"19":{"start":{"line":31,"column":23},"end":{"line":31,"column":31}},"20":{"start":{"line":32,"column":17},"end":{"line":32,"column":56}},"21":{"start":{"line":34,"column":4},"end":{"line":40,"column":5}},"22":{"start":{"line":34,"column":15},"end":{"line":34,"column":55}},"23":{"start":{"line":36,"column":23},"end":{"line":36,"column":86}},"24":{"start":{"line":37,"column":8},"end":{"line":37,"column":28}},"25":{"start":{"line":38,"column":8},"end":{"line":39,"column":69}},"26":{"start":{"line":38,"column":26},"end":{"line":38,"column":94}},"27":{"start":{"line":39,"column":13},"end":{"line":39,"column":69}},"28":{"start":{"line":43,"column":0},"end":{"line":51,"column":3}},"29":{"start":{"line":45,"column":19},"end":{"line":45,"column":68}},"30":{"start":{"line":46,"column":4},"end":{"line":46,"column":24}},"31":{"start":{"line":47,"column":4},"end":{"line":50,"column":48}},"32":{"start":{"line":48,"column":8},"end":{"line":48,"column":46}},"33":{"start":{"line":50,"column":8},"end":{"line":50,"column":48}},"34":{"start":{"line":55,"column":19},"end":{"line":59,"column":5}},"35":{"start":{"line":61,"column":4},"end":{"line":61,"column":42}},"36":{"start":{"line":63,"column":0},"end":{"line":63,"column":24}}},"fnMap":{"0":{"name":"(anonymous_0)","decl":{"start":{"line":7,"column":16},"end":{"line":7,"column":17}},"loc":{"start":{"line":7,"column":48},"end":{"line":11,"column":1}},"line":7},"1":{"name":"(anonymous_1)","decl":{"start":{"line":15,"column":17},"end":{"line":15,"column":18}},"loc":{"start":{"line":15,"column":43},"end":{"line":26,"column":1}},"line":15},"2":{"name":"(anonymous_2)","decl":{"start":{"line":28,"column":19},"end":{"line":28,"column":20}},"loc":{"start":{"line":28,"column":45},"end":{"line":41,"column":1}},"line":28},"3":{"name":"(anonymous_3)","decl":{"start":{"line":43,"column":22},"end":{"line":43,"column":23}},"loc":{"start":{"line":43,"column":48},"end":{"line":51,"column":1}},"line":43},"4":{"name":"validateCustomers","decl":{"start":{"line":54,"column":9},"end":{"line":54,"column":26}},"loc":{"start":{"line":54,"column":37},"end":{"line":62,"column":1}},"line":54}},"branchMap":{"0":{"loc":{"start":{"line":17,"column":4},"end":{"line":17,"column":69}},"type":"if","locations":[{"start":{"line":17,"column":4},"end":{"line":17,"column":69}},{"start":{"line":17,"column":4},"end":{"line":17,"column":69}}],"line":17},"1":{"loc":{"start":{"line":24,"column":4},"end":{"line":24,"column":81}},"type":"if","locations":[{"start":{"line":24,"column":4},"end":{"line":24,"column":81}},{"start":{"line":24,"column":4},"end":{"line":24,"column":81}}],"line":24},"2":{"loc":{"start":{"line":30,"column":4},"end":{"line":30,"column":69}},"type":"if","locations":[{"start":{"line":30,"column":4},"end":{"line":30,"column":69}},{"start":{"line":30,"column":4},"end":{"line":30,"column":69}}],"line":30},"3":{"loc":{"start":{"line":34,"column":4},"end":{"line":40,"column":5}},"type":"if","locations":[{"start":{"line":34,"column":4},"end":{"line":40,"column":5}},{"start":{"line":34,"column":4},"end":{"line":40,"column":5}}],"line":34},"4":{"loc":{"start":{"line":38,"column":8},"end":{"line":39,"column":69}},"type":"if","locations":[{"start":{"line":38,"column":8},"end":{"line":39,"column":69}},{"start":{"line":38,"column":8},"end":{"line":39,"column":69}}],"line":38},"5":{"loc":{"start":{"line":47,"column":4},"end":{"line":50,"column":48}},"type":"if","locations":[{"start":{"line":47,"column":4},"end":{"line":50,"column":48}},{"start":{"line":47,"column":4},"end":{"line":50,"column":48}}],"line":47}},"s":{"0":2,"1":2,"2":2,"3":2,"4":2,"5":0,"6":0,"7":2,"8":0,"9":0,"10":0,"11":0,"12":0,"13":0,"14":0,"15":2,"16":0,"17":0,"18":0,"19":0,"20":0,"21":0,"22":0,"23":0,"24":0,"25":0,"26":0,"27":0,"28":2,"29":0,"30":0,"31":0,"32":0,"33":0,"34":0,"35":0,"36":2},"f":{"0":0,"1":0,"2":0,"3":0,"4":0},"b":{"0":[0,0],"1":[0,0],"2":[0,0],"3":[0,0],"4":[0,0],"5":[0,0]},"_coverageSchema":"43e27e138ebf9cfc5966b082cf9a028302ed4184","hash":"4e6d1e52490b3775ca0adb3c93e1c90b3c546e7c"}
,"/home/users/adeshpal/adesh/nodes/movies/routes/genres_api.js": {"path":"/home/users/adeshpal/adesh/nodes/movies/routes/genres_api.js","statementMap":{"0":{"start":{"line":1,"column":16},"end":{"line":1,"column":34}},"1":{"start":{"line":2,"column":15},"end":{"line":2,"column":31}},"2":{"start":{"line":3,"column":17},"end":{"line":3,"column":51}},"3":{"start":{"line":4,"column":14},"end":{"line":4,"column":41}},"4":{"start":{"line":5,"column":13},"end":{"line":5,"column":43}},"5":{"start":{"line":6,"column":12},"end":{"line":6,"column":26}},"6":{"start":{"line":8,"column":0},"end":{"line":15,"column":3}},"7":{"start":{"line":9,"column":4},"end":{"line":14,"column":11}},"8":{"start":{"line":11,"column":12},"end":{"line":11,"column":41}},"9":{"start":{"line":13,"column":12},"end":{"line":13,"column":20}},"10":{"start":{"line":16,"column":0},"end":{"line":25,"column":3}},"11":{"start":{"line":19,"column":4},"end":{"line":24,"column":11}},"12":{"start":{"line":21,"column":12},"end":{"line":21,"column":41}},"13":{"start":{"line":23,"column":12},"end":{"line":23,"column":20}},"14":{"start":{"line":27,"column":0},"end":{"line":39,"column":3}},"15":{"start":{"line":28,"column":22},"end":{"line":28,"column":45}},"16":{"start":{"line":29,"column":4},"end":{"line":29,"column":83}},"17":{"start":{"line":29,"column":15},"end":{"line":29,"column":83}},"18":{"start":{"line":30,"column":18},"end":{"line":32,"column":6}},"19":{"start":{"line":33,"column":4},"end":{"line":38,"column":10}},"20":{"start":{"line":35,"column":12},"end":{"line":35,"column":42}},"21":{"start":{"line":37,"column":12},"end":{"line":37,"column":20}},"22":{"start":{"line":41,"column":0},"end":{"line":54,"column":3}},"23":{"start":{"line":42,"column":22},"end":{"line":42,"column":45}},"24":{"start":{"line":43,"column":4},"end":{"line":43,"column":83}},"25":{"start":{"line":43,"column":15},"end":{"line":43,"column":83}},"26":{"start":{"line":44,"column":25},"end":{"line":44,"column":33}},"27":{"start":{"line":46,"column":4},"end":{"line":53,"column":11}},"28":{"start":{"line":48,"column":12},"end":{"line":49,"column":88}},"29":{"start":{"line":48,"column":30},"end":{"line":48,"column":60}},"30":{"start":{"line":49,"column":17},"end":{"line":49,"column":88}},"31":{"start":{"line":52,"column":12},"end":{"line":52,"column":20}},"32":{"start":{"line":57,"column":0},"end":{"line":67,"column":3}},"33":{"start":{"line":59,"column":4},"end":{"line":65,"column":11}},"34":{"start":{"line":61,"column":12},"end":{"line":62,"column":47}},"35":{"start":{"line":61,"column":37},"end":{"line":61,"column":66}},"36":{"start":{"line":62,"column":17},"end":{"line":62,"column":47}},"37":{"start":{"line":64,"column":12},"end":{"line":64,"column":20}},"38":{"start":{"line":70,"column":20},"end":{"line":72,"column":5}},"39":{"start":{"line":73,"column":4},"end":{"line":73,"column":39}},"40":{"start":{"line":76,"column":0},"end":{"line":76,"column":24}}},"fnMap":{"0":{"name":"(anonymous_0)","decl":{"start":{"line":8,"column":16},"end":{"line":8,"column":17}},"loc":{"start":{"line":8,"column":42},"end":{"line":15,"column":1}},"line":8},"1":{"name":"(anonymous_1)","decl":{"start":{"line":10,"column":14},"end":{"line":10,"column":15}},"loc":{"start":{"line":10,"column":26},"end":{"line":12,"column":9}},"line":10},"2":{"name":"(anonymous_2)","decl":{"start":{"line":12,"column":17},"end":{"line":12,"column":18}},"loc":{"start":{"line":12,"column":24},"end":{"line":14,"column":9}},"line":12},"3":{"name":"(anonymous_3)","decl":{"start":{"line":16,"column":29},"end":{"line":16,"column":30}},"loc":{"start":{"line":16,"column":55},"end":{"line":25,"column":1}},"line":16},"4":{"name":"(anonymous_4)","decl":{"start":{"line":20,"column":14},"end":{"line":20,"column":15}},"loc":{"start":{"line":20,"column":26},"end":{"line":22,"column":9}},"line":20},"5":{"name":"(anonymous_5)","decl":{"start":{"line":22,"column":17},"end":{"line":22,"column":18}},"loc":{"start":{"line":22,"column":24},"end":{"line":24,"column":9}},"line":22},"6":{"name":"(anonymous_6)","decl":{"start":{"line":27,"column":23},"end":{"line":27,"column":24}},"loc":{"start":{"line":27,"column":49},"end":{"line":39,"column":1}},"line":27},"7":{"name":"(anonymous_7)","decl":{"start":{"line":34,"column":14},"end":{"line":34,"column":15}},"loc":{"start":{"line":34,"column":26},"end":{"line":36,"column":9}},"line":34},"8":{"name":"(anonymous_8)","decl":{"start":{"line":36,"column":17},"end":{"line":36,"column":18}},"loc":{"start":{"line":36,"column":24},"end":{"line":38,"column":9}},"line":36},"9":{"name":"(anonymous_9)","decl":{"start":{"line":41,"column":35},"end":{"line":41,"column":36}},"loc":{"start":{"line":41,"column":61},"end":{"line":54,"column":1}},"line":41},"10":{"name":"(anonymous_10)","decl":{"start":{"line":47,"column":14},"end":{"line":47,"column":15}},"loc":{"start":{"line":47,"column":26},"end":{"line":51,"column":9}},"line":47},"11":{"name":"(anonymous_11)","decl":{"start":{"line":51,"column":17},"end":{"line":51,"column":18}},"loc":{"start":{"line":51,"column":24},"end":{"line":53,"column":9}},"line":51},"12":{"name":"(anonymous_12)","decl":{"start":{"line":57,"column":38},"end":{"line":57,"column":39}},"loc":{"start":{"line":57,"column":64},"end":{"line":67,"column":1}},"line":57},"13":{"name":"(anonymous_13)","decl":{"start":{"line":60,"column":14},"end":{"line":60,"column":15}},"loc":{"start":{"line":60,"column":26},"end":{"line":63,"column":9}},"line":60},"14":{"name":"(anonymous_14)","decl":{"start":{"line":63,"column":17},"end":{"line":63,"column":18}},"loc":{"start":{"line":63,"column":24},"end":{"line":65,"column":9}},"line":63},"15":{"name":"validateGenre","decl":{"start":{"line":69,"column":9},"end":{"line":69,"column":22}},"loc":{"start":{"line":69,"column":30},"end":{"line":74,"column":1}},"line":69}},"branchMap":{"0":{"loc":{"start":{"line":29,"column":4},"end":{"line":29,"column":83}},"type":"if","locations":[{"start":{"line":29,"column":4},"end":{"line":29,"column":83}},{"start":{"line":29,"column":4},"end":{"line":29,"column":83}}],"line":29},"1":{"loc":{"start":{"line":43,"column":4},"end":{"line":43,"column":83}},"type":"if","locations":[{"start":{"line":43,"column":4},"end":{"line":43,"column":83}},{"start":{"line":43,"column":4},"end":{"line":43,"column":83}}],"line":43},"2":{"loc":{"start":{"line":48,"column":12},"end":{"line":49,"column":88}},"type":"if","locations":[{"start":{"line":48,"column":12},"end":{"line":49,"column":88}},{"start":{"line":48,"column":12},"end":{"line":49,"column":88}}],"line":48},"3":{"loc":{"start":{"line":61,"column":12},"end":{"line":62,"column":47}},"type":"if","locations":[{"start":{"line":61,"column":12},"end":{"line":62,"column":47}},{"start":{"line":61,"column":12},"end":{"line":62,"column":47}}],"line":61}},"s":{"0":2,"1":2,"2":2,"3":2,"4":2,"5":2,"6":2,"7":1,"8":1,"9":0,"10":2,"11":1,"12":1,"13":0,"14":2,"15":3,"16":3,"17":2,"18":1,"19":1,"20":1,"21":0,"22":2,"23":3,"24":3,"25":2,"26":1,"27":1,"28":1,"29":1,"30":0,"31":0,"32":2,"33":2,"34":2,"35":1,"36":1,"37":0,"38":6,"39":6,"40":2},"f":{"0":1,"1":1,"2":0,"3":1,"4":1,"5":0,"6":3,"7":1,"8":0,"9":3,"10":1,"11":0,"12":2,"13":2,"14":0,"15":6},"b":{"0":[2,1],"1":[2,1],"2":[1,0],"3":[1,1]},"_coverageSchema":"43e27e138ebf9cfc5966b082cf9a028302ed4184","hash":"acb3e9560f37b62f409aa19f3942797165e1008a"}
,"/home/users/adeshpal/adesh/nodes/movies/routes/movies_api.js": {"path":"/home/users/adeshpal/adesh/nodes/movies/routes/movies_api.js","statementMap":{"0":{"start":{"line":1,"column":16},"end":{"line":1,"column":34}},"1":{"start":{"line":2,"column":15},"end":{"line":2,"column":31}},"2":{"start":{"line":3,"column":12},"end":{"line":3,"column":26}},"3":{"start":{"line":4,"column":14},"end":{"line":4,"column":41}},"4":{"start":{"line":5,"column":14},"end":{"line":5,"column":41}},"5":{"start":{"line":6,"column":13},"end":{"line":6,"column":43}},"6":{"start":{"line":7,"column":14},"end":{"line":7,"column":45}},"7":{"start":{"line":10,"column":0},"end":{"line":17,"column":3}},"8":{"start":{"line":11,"column":4},"end":{"line":16,"column":11}},"9":{"start":{"line":13,"column":12},"end":{"line":13,"column":41}},"10":{"start":{"line":15,"column":12},"end":{"line":15,"column":20}},"11":{"start":{"line":20,"column":0},"end":{"line":53,"column":3}},"12":{"start":{"line":22,"column":22},"end":{"line":22,"column":44}},"13":{"start":{"line":23,"column":4},"end":{"line":23,"column":34}},"14":{"start":{"line":23,"column":15},"end":{"line":23,"column":34}},"15":{"start":{"line":24,"column":4},"end":{"line":50,"column":10}},"16":{"start":{"line":27,"column":12},"end":{"line":46,"column":13}},"17":{"start":{"line":27,"column":24},"end":{"line":27,"column":77}},"18":{"start":{"line":31,"column":30},"end":{"line":39,"column":18}},"19":{"start":{"line":40,"column":16},"end":{"line":45,"column":22}},"20":{"start":{"line":42,"column":24},"end":{"line":42,"column":91}},"21":{"start":{"line":44,"column":24},"end":{"line":44,"column":32}},"22":{"start":{"line":49,"column":12},"end":{"line":49,"column":20}},"23":{"start":{"line":56,"column":4},"end":{"line":64,"column":5}},"24":{"start":{"line":58,"column":8},"end":{"line":63,"column":9}},"25":{"start":{"line":59,"column":12},"end":{"line":59,"column":36}},"26":{"start":{"line":62,"column":12},"end":{"line":62,"column":21}},"27":{"start":{"line":69,"column":0},"end":{"line":95,"column":4}},"28":{"start":{"line":73,"column":4},"end":{"line":92,"column":11}},"29":{"start":{"line":75,"column":12},"end":{"line":90,"column":13}},"30":{"start":{"line":75,"column":24},"end":{"line":75,"column":77}},"31":{"start":{"line":77,"column":30},"end":{"line":85,"column":18}},"32":{"start":{"line":86,"column":16},"end":{"line":89,"column":23}},"33":{"start":{"line":88,"column":24},"end":{"line":88,"column":91}},"34":{"start":{"line":104,"column":0},"end":{"line":116,"column":3}},"35":{"start":{"line":106,"column":25},"end":{"line":106,"column":33}},"36":{"start":{"line":108,"column":4},"end":{"line":115,"column":11}},"37":{"start":{"line":110,"column":12},"end":{"line":111,"column":88}},"38":{"start":{"line":110,"column":30},"end":{"line":110,"column":97}},"39":{"start":{"line":111,"column":17},"end":{"line":111,"column":88}},"40":{"start":{"line":114,"column":12},"end":{"line":114,"column":20}},"41":{"start":{"line":119,"column":0},"end":{"line":133,"column":3}},"42":{"start":{"line":121,"column":4},"end":{"line":132,"column":7}},"43":{"start":{"line":122,"column":8},"end":{"line":122,"column":27}},"44":{"start":{"line":122,"column":17},"end":{"line":122,"column":27}},"45":{"start":{"line":123,"column":8},"end":{"line":123,"column":84}},"46":{"start":{"line":123,"column":20},"end":{"line":123,"column":84}},"47":{"start":{"line":125,"column":8},"end":{"line":131,"column":15}},"48":{"start":{"line":127,"column":16},"end":{"line":127,"column":90}},"49":{"start":{"line":130,"column":16},"end":{"line":130,"column":24}},"50":{"start":{"line":136,"column":20},"end":{"line":141,"column":5}},"51":{"start":{"line":142,"column":4},"end":{"line":142,"column":39}},"52":{"start":{"line":145,"column":0},"end":{"line":145,"column":24}}},"fnMap":{"0":{"name":"(anonymous_0)","decl":{"start":{"line":10,"column":16},"end":{"line":10,"column":17}},"loc":{"start":{"line":10,"column":42},"end":{"line":17,"column":1}},"line":10},"1":{"name":"(anonymous_1)","decl":{"start":{"line":12,"column":14},"end":{"line":12,"column":15}},"loc":{"start":{"line":12,"column":26},"end":{"line":14,"column":9}},"line":12},"2":{"name":"(anonymous_2)","decl":{"start":{"line":14,"column":17},"end":{"line":14,"column":18}},"loc":{"start":{"line":14,"column":24},"end":{"line":16,"column":9}},"line":14},"3":{"name":"(anonymous_3)","decl":{"start":{"line":20,"column":23},"end":{"line":20,"column":24}},"loc":{"start":{"line":20,"column":49},"end":{"line":53,"column":1}},"line":20},"4":{"name":"(anonymous_4)","decl":{"start":{"line":25,"column":14},"end":{"line":25,"column":15}},"loc":{"start":{"line":25,"column":25},"end":{"line":48,"column":9}},"line":25},"5":{"name":"(anonymous_5)","decl":{"start":{"line":41,"column":26},"end":{"line":41,"column":27}},"loc":{"start":{"line":41,"column":38},"end":{"line":43,"column":21}},"line":41},"6":{"name":"(anonymous_6)","decl":{"start":{"line":43,"column":29},"end":{"line":43,"column":30}},"loc":{"start":{"line":43,"column":36},"end":{"line":45,"column":21}},"line":43},"7":{"name":"(anonymous_7)","decl":{"start":{"line":48,"column":17},"end":{"line":48,"column":18}},"loc":{"start":{"line":48,"column":24},"end":{"line":50,"column":9}},"line":48},"8":{"name":"asyncMiddleware","decl":{"start":{"line":55,"column":9},"end":{"line":55,"column":24}},"loc":{"start":{"line":55,"column":34},"end":{"line":66,"column":1}},"line":55},"9":{"name":"(anonymous_9)","decl":{"start":{"line":56,"column":11},"end":{"line":56,"column":12}},"loc":{"start":{"line":56,"column":37},"end":{"line":64,"column":5}},"line":56},"10":{"name":"(anonymous_10)","decl":{"start":{"line":69,"column":35},"end":{"line":69,"column":36}},"loc":{"start":{"line":69,"column":61},"end":{"line":95,"column":1}},"line":69},"11":{"name":"(anonymous_11)","decl":{"start":{"line":74,"column":14},"end":{"line":74,"column":15}},"loc":{"start":{"line":74,"column":25},"end":{"line":92,"column":9}},"line":74},"12":{"name":"(anonymous_12)","decl":{"start":{"line":87,"column":26},"end":{"line":87,"column":27}},"loc":{"start":{"line":87,"column":38},"end":{"line":89,"column":21}},"line":87},"13":{"name":"(anonymous_13)","decl":{"start":{"line":104,"column":21},"end":{"line":104,"column":22}},"loc":{"start":{"line":104,"column":47},"end":{"line":116,"column":1}},"line":104},"14":{"name":"(anonymous_14)","decl":{"start":{"line":109,"column":14},"end":{"line":109,"column":15}},"loc":{"start":{"line":109,"column":26},"end":{"line":113,"column":9}},"line":109},"15":{"name":"(anonymous_15)","decl":{"start":{"line":113,"column":17},"end":{"line":113,"column":18}},"loc":{"start":{"line":113,"column":24},"end":{"line":115,"column":9}},"line":113},"16":{"name":"(anonymous_16)","decl":{"start":{"line":119,"column":37},"end":{"line":119,"column":38}},"loc":{"start":{"line":119,"column":63},"end":{"line":133,"column":1}},"line":119},"17":{"name":"(anonymous_17)","decl":{"start":{"line":121,"column":34},"end":{"line":121,"column":35}},"loc":{"start":{"line":121,"column":56},"end":{"line":132,"column":5}},"line":121},"18":{"name":"(anonymous_18)","decl":{"start":{"line":126,"column":18},"end":{"line":126,"column":19}},"loc":{"start":{"line":126,"column":30},"end":{"line":129,"column":13}},"line":126},"19":{"name":"(anonymous_19)","decl":{"start":{"line":129,"column":21},"end":{"line":129,"column":22}},"loc":{"start":{"line":129,"column":28},"end":{"line":131,"column":13}},"line":129},"20":{"name":"validateData","decl":{"start":{"line":135,"column":9},"end":{"line":135,"column":21}},"loc":{"start":{"line":135,"column":29},"end":{"line":143,"column":1}},"line":135}},"branchMap":{"0":{"loc":{"start":{"line":23,"column":4},"end":{"line":23,"column":34}},"type":"if","locations":[{"start":{"line":23,"column":4},"end":{"line":23,"column":34}},{"start":{"line":23,"column":4},"end":{"line":23,"column":34}}],"line":23},"1":{"loc":{"start":{"line":27,"column":12},"end":{"line":46,"column":13}},"type":"if","locations":[{"start":{"line":27,"column":12},"end":{"line":46,"column":13}},{"start":{"line":27,"column":12},"end":{"line":46,"column":13}}],"line":27},"2":{"loc":{"start":{"line":75,"column":12},"end":{"line":90,"column":13}},"type":"if","locations":[{"start":{"line":75,"column":12},"end":{"line":90,"column":13}},{"start":{"line":75,"column":12},"end":{"line":90,"column":13}}],"line":75},"3":{"loc":{"start":{"line":110,"column":12},"end":{"line":111,"column":88}},"type":"if","locations":[{"start":{"line":110,"column":12},"end":{"line":111,"column":88}},{"start":{"line":110,"column":12},"end":{"line":111,"column":88}}],"line":110},"4":{"loc":{"start":{"line":122,"column":8},"end":{"line":122,"column":27}},"type":"if","locations":[{"start":{"line":122,"column":8},"end":{"line":122,"column":27}},{"start":{"line":122,"column":8},"end":{"line":122,"column":27}}],"line":122},"5":{"loc":{"start":{"line":123,"column":8},"end":{"line":123,"column":84}},"type":"if","locations":[{"start":{"line":123,"column":8},"end":{"line":123,"column":84}},{"start":{"line":123,"column":8},"end":{"line":123,"column":84}}],"line":123}},"s":{"0":2,"1":2,"2":2,"3":2,"4":2,"5":2,"6":2,"7":2,"8":0,"9":0,"10":0,"11":2,"12":0,"13":0,"14":0,"15":0,"16":0,"17":0,"18":0,"19":0,"20":0,"21":0,"22":0,"23":2,"24":0,"25":0,"26":0,"27":2,"28":0,"29":0,"30":0,"31":0,"32":0,"33":0,"34":2,"35":0,"36":0,"37":0,"38":0,"39":0,"40":0,"41":2,"42":0,"43":0,"44":0,"45":0,"46":0,"47":0,"48":0,"49":0,"50":0,"51":0,"52":2},"f":{"0":0,"1":0,"2":0,"3":0,"4":0,"5":0,"6":0,"7":0,"8":2,"9":0,"10":0,"11":0,"12":0,"13":0,"14":0,"15":0,"16":0,"17":0,"18":0,"19":0,"20":0},"b":{"0":[0,0],"1":[0,0],"2":[0,0],"3":[0,0],"4":[0,0],"5":[0,0]},"_coverageSchema":"43e27e138ebf9cfc5966b082cf9a028302ed4184","hash":"bbf624905600d0bfe24613092b3eb97ab2406881"}
,"/home/users/adeshpal/adesh/nodes/movies/routes/rental_api.js": {"path":"/home/users/adeshpal/adesh/nodes/movies/routes/rental_api.js","statementMap":{"0":{"start":{"line":1,"column":16},"end":{"line":1,"column":34}},"1":{"start":{"line":2,"column":17},"end":{"line":2,"column":36}},"2":{"start":{"line":3,"column":15},"end":{"line":3,"column":31}},"3":{"start":{"line":4,"column":15},"end":{"line":4,"column":42}},"4":{"start":{"line":5,"column":17},"end":{"line":5,"column":46}},"5":{"start":{"line":6,"column":14},"end":{"line":6,"column":41}},"6":{"start":{"line":7,"column":13},"end":{"line":7,"column":28}},"7":{"start":{"line":8,"column":10},"end":{"line":8,"column":24}},"8":{"start":{"line":9,"column":0},"end":{"line":9,"column":44}},"9":{"start":{"line":10,"column":11},"end":{"line":10,"column":41}},"10":{"start":{"line":11,"column":0},"end":{"line":11,"column":20}},"11":{"start":{"line":12,"column":0},"end":{"line":21,"column":3}},"12":{"start":{"line":14,"column":4},"end":{"line":19,"column":10}},"13":{"start":{"line":16,"column":12},"end":{"line":16,"column":41}},"14":{"start":{"line":18,"column":12},"end":{"line":18,"column":20}},"15":{"start":{"line":23,"column":0},"end":{"line":77,"column":3}},"16":{"start":{"line":25,"column":22},"end":{"line":25,"column":46}},"17":{"start":{"line":26,"column":4},"end":{"line":26,"column":34}},"18":{"start":{"line":26,"column":15},"end":{"line":26,"column":34}},"19":{"start":{"line":28,"column":4},"end":{"line":76,"column":10}},"20":{"start":{"line":31,"column":12},"end":{"line":31,"column":84}},"21":{"start":{"line":31,"column":27},"end":{"line":31,"column":84}},"22":{"start":{"line":33,"column":12},"end":{"line":73,"column":18}},"23":{"start":{"line":35,"column":20},"end":{"line":35,"column":86}},"24":{"start":{"line":35,"column":32},"end":{"line":35,"column":86}},"25":{"start":{"line":37,"column":20},"end":{"line":37,"column":101}},"26":{"start":{"line":37,"column":51},"end":{"line":37,"column":101}},"27":{"start":{"line":39,"column":35},"end":{"line":56,"column":22}},"28":{"start":{"line":58,"column":20},"end":{"line":69,"column":21}},"29":{"start":{"line":59,"column":24},"end":{"line":64,"column":35}},"30":{"start":{"line":65,"column":24},"end":{"line":65,"column":81}},"31":{"start":{"line":68,"column":24},"end":{"line":68,"column":32}},"32":{"start":{"line":72,"column":20},"end":{"line":72,"column":28}},"33":{"start":{"line":75,"column":12},"end":{"line":75,"column":20}},"34":{"start":{"line":82,"column":20},"end":{"line":86,"column":5}},"35":{"start":{"line":87,"column":4},"end":{"line":87,"column":40}},"36":{"start":{"line":91,"column":0},"end":{"line":91,"column":24}}},"fnMap":{"0":{"name":"(anonymous_0)","decl":{"start":{"line":12,"column":16},"end":{"line":12,"column":17}},"loc":{"start":{"line":12,"column":42},"end":{"line":21,"column":1}},"line":12},"1":{"name":"(anonymous_1)","decl":{"start":{"line":15,"column":14},"end":{"line":15,"column":15}},"loc":{"start":{"line":15,"column":26},"end":{"line":17,"column":9}},"line":15},"2":{"name":"(anonymous_2)","decl":{"start":{"line":17,"column":17},"end":{"line":17,"column":18}},"loc":{"start":{"line":17,"column":24},"end":{"line":19,"column":9}},"line":17},"3":{"name":"(anonymous_3)","decl":{"start":{"line":23,"column":22},"end":{"line":23,"column":23}},"loc":{"start":{"line":23,"column":48},"end":{"line":77,"column":1}},"line":23},"4":{"name":"(anonymous_4)","decl":{"start":{"line":29,"column":14},"end":{"line":29,"column":15}},"loc":{"start":{"line":29,"column":28},"end":{"line":74,"column":9}},"line":29},"5":{"name":"(anonymous_5)","decl":{"start":{"line":34,"column":22},"end":{"line":34,"column":23}},"loc":{"start":{"line":34,"column":33},"end":{"line":71,"column":17}},"line":34},"6":{"name":"(anonymous_6)","decl":{"start":{"line":71,"column":25},"end":{"line":71,"column":26}},"loc":{"start":{"line":71,"column":32},"end":{"line":73,"column":17}},"line":71},"7":{"name":"(anonymous_7)","decl":{"start":{"line":74,"column":17},"end":{"line":74,"column":18}},"loc":{"start":{"line":74,"column":24},"end":{"line":76,"column":9}},"line":74},"8":{"name":"validateRental","decl":{"start":{"line":80,"column":9},"end":{"line":80,"column":23}},"loc":{"start":{"line":80,"column":32},"end":{"line":89,"column":1}},"line":80}},"branchMap":{"0":{"loc":{"start":{"line":26,"column":4},"end":{"line":26,"column":34}},"type":"if","locations":[{"start":{"line":26,"column":4},"end":{"line":26,"column":34}},{"start":{"line":26,"column":4},"end":{"line":26,"column":34}}],"line":26},"1":{"loc":{"start":{"line":31,"column":12},"end":{"line":31,"column":84}},"type":"if","locations":[{"start":{"line":31,"column":12},"end":{"line":31,"column":84}},{"start":{"line":31,"column":12},"end":{"line":31,"column":84}}],"line":31},"2":{"loc":{"start":{"line":35,"column":20},"end":{"line":35,"column":86}},"type":"if","locations":[{"start":{"line":35,"column":20},"end":{"line":35,"column":86}},{"start":{"line":35,"column":20},"end":{"line":35,"column":86}}],"line":35},"3":{"loc":{"start":{"line":37,"column":20},"end":{"line":37,"column":101}},"type":"if","locations":[{"start":{"line":37,"column":20},"end":{"line":37,"column":101}},{"start":{"line":37,"column":20},"end":{"line":37,"column":101}}],"line":37}},"s":{"0":2,"1":2,"2":2,"3":2,"4":2,"5":2,"6":2,"7":2,"8":2,"9":2,"10":2,"11":2,"12":0,"13":0,"14":0,"15":2,"16":0,"17":0,"18":0,"19":0,"20":0,"21":0,"22":0,"23":0,"24":0,"25":0,"26":0,"27":0,"28":0,"29":0,"30":0,"31":0,"32":0,"33":0,"34":0,"35":0,"36":2},"f":{"0":0,"1":0,"2":0,"3":0,"4":0,"5":0,"6":0,"7":0,"8":0},"b":{"0":[0,0],"1":[0,0],"2":[0,0],"3":[0,0]},"_coverageSchema":"43e27e138ebf9cfc5966b082cf9a028302ed4184","hash":"0c33dd57722b31cd9e9bc80d7c1fbb8e6a9cdf6e"}
,"/home/users/adeshpal/adesh/nodes/movies/routes/returns_api.js": {"path":"/home/users/adeshpal/adesh/nodes/movies/routes/returns_api.js","statementMap":{"0":{"start":{"line":1,"column":16},"end":{"line":1,"column":34}},"1":{"start":{"line":2,"column":15},"end":{"line":2,"column":31}},"2":{"start":{"line":3,"column":16},"end":{"line":3,"column":43}},"3":{"start":{"line":4,"column":13},"end":{"line":4,"column":43}},"4":{"start":{"line":5,"column":15},"end":{"line":5,"column":32}},"5":{"start":{"line":6,"column":14},"end":{"line":6,"column":41}},"6":{"start":{"line":9,"column":0},"end":{"line":40,"column":3}},"7":{"start":{"line":10,"column":4},"end":{"line":10,"column":88}},"8":{"start":{"line":10,"column":28},"end":{"line":10,"column":88}},"9":{"start":{"line":11,"column":4},"end":{"line":11,"column":82}},"10":{"start":{"line":11,"column":25},"end":{"line":11,"column":82}},"11":{"start":{"line":13,"column":4},"end":{"line":38,"column":6}},"12":{"start":{"line":17,"column":8},"end":{"line":17,"column":27}},"13":{"start":{"line":17,"column":17},"end":{"line":17,"column":27}},"14":{"start":{"line":18,"column":8},"end":{"line":18,"column":68}},"15":{"start":{"line":18,"column":21},"end":{"line":18,"column":68}},"16":{"start":{"line":19,"column":8},"end":{"line":19,"column":83}},"17":{"start":{"line":19,"column":33},"end":{"line":19,"column":83}},"18":{"start":{"line":21,"column":8},"end":{"line":21,"column":41}},"19":{"start":{"line":22,"column":8},"end":{"line":22,"column":96}},"20":{"start":{"line":23,"column":8},"end":{"line":33,"column":11}},"21":{"start":{"line":24,"column":12},"end":{"line":28,"column":14}},"22":{"start":{"line":27,"column":16},"end":{"line":27,"column":24}},"23":{"start":{"line":30,"column":12},"end":{"line":30,"column":49}},"24":{"start":{"line":32,"column":12},"end":{"line":32,"column":20}},"25":{"start":{"line":41,"column":0},"end":{"line":41,"column":24}}},"fnMap":{"0":{"name":"(anonymous_0)","decl":{"start":{"line":9,"column":23},"end":{"line":9,"column":24}},"loc":{"start":{"line":9,"column":49},"end":{"line":40,"column":1}},"line":9},"1":{"name":"(anonymous_1)","decl":{"start":{"line":16,"column":7},"end":{"line":16,"column":8}},"loc":{"start":{"line":16,"column":30},"end":{"line":38,"column":5}},"line":16},"2":{"name":"(anonymous_2)","decl":{"start":{"line":23,"column":27},"end":{"line":23,"column":28}},"loc":{"start":{"line":23,"column":40},"end":{"line":31,"column":9}},"line":23},"3":{"name":"(anonymous_3)","decl":{"start":{"line":24,"column":77},"end":{"line":24,"column":78}},"loc":{"start":{"line":24,"column":87},"end":{"line":26,"column":13}},"line":24},"4":{"name":"(anonymous_4)","decl":{"start":{"line":26,"column":21},"end":{"line":26,"column":22}},"loc":{"start":{"line":26,"column":26},"end":{"line":28,"column":13}},"line":26},"5":{"name":"(anonymous_5)","decl":{"start":{"line":31,"column":17},"end":{"line":31,"column":18}},"loc":{"start":{"line":31,"column":22},"end":{"line":33,"column":9}},"line":31}},"branchMap":{"0":{"loc":{"start":{"line":10,"column":4},"end":{"line":10,"column":88}},"type":"if","locations":[{"start":{"line":10,"column":4},"end":{"line":10,"column":88}},{"start":{"line":10,"column":4},"end":{"line":10,"column":88}}],"line":10},"1":{"loc":{"start":{"line":11,"column":4},"end":{"line":11,"column":82}},"type":"if","locations":[{"start":{"line":11,"column":4},"end":{"line":11,"column":82}},{"start":{"line":11,"column":4},"end":{"line":11,"column":82}}],"line":11},"2":{"loc":{"start":{"line":17,"column":8},"end":{"line":17,"column":27}},"type":"if","locations":[{"start":{"line":17,"column":8},"end":{"line":17,"column":27}},{"start":{"line":17,"column":8},"end":{"line":17,"column":27}}],"line":17},"3":{"loc":{"start":{"line":18,"column":8},"end":{"line":18,"column":68}},"type":"if","locations":[{"start":{"line":18,"column":8},"end":{"line":18,"column":68}},{"start":{"line":18,"column":8},"end":{"line":18,"column":68}}],"line":18},"4":{"loc":{"start":{"line":19,"column":8},"end":{"line":19,"column":83}},"type":"if","locations":[{"start":{"line":19,"column":8},"end":{"line":19,"column":83}},{"start":{"line":19,"column":8},"end":{"line":19,"column":83}}],"line":19}},"s":{"0":2,"1":2,"2":2,"3":2,"4":2,"5":2,"6":2,"7":7,"8":1,"9":6,"10":1,"11":5,"12":5,"13":0,"14":5,"15":1,"16":4,"17":1,"18":3,"19":3,"20":3,"21":3,"22":0,"23":3,"24":0,"25":2},"f":{"0":7,"1":5,"2":3,"3":3,"4":0,"5":0},"b":{"0":[1,6],"1":[1,5],"2":[0,5],"3":[1,4],"4":[1,3]},"_coverageSchema":"43e27e138ebf9cfc5966b082cf9a028302ed4184","hash":"be06e5249946151d5ea2aa7f12e2d9b142f4795d"}
,"/home/users/adeshpal/adesh/nodes/movies/routes/users_api.js": {"path":"/home/users/adeshpal/adesh/nodes/movies/routes/users_api.js","statementMap":{"0":{"start":{"line":1,"column":16},"end":{"line":1,"column":34}},"1":{"start":{"line":2,"column":15},"end":{"line":2,"column":31}},"2":{"start":{"line":3,"column":13},"end":{"line":3,"column":39}},"3":{"start":{"line":4,"column":15},"end":{"line":4,"column":34}},"4":{"start":{"line":5,"column":11},"end":{"line":5,"column":41}},"5":{"start":{"line":7,"column":0},"end":{"line":32,"column":3}},"6":{"start":{"line":9,"column":4},"end":{"line":31,"column":11}},"7":{"start":{"line":11,"column":12},"end":{"line":11,"column":87}},"8":{"start":{"line":11,"column":22},"end":{"line":11,"column":87}},"9":{"start":{"line":13,"column":12},"end":{"line":30,"column":19}},"10":{"start":{"line":15,"column":31},"end":{"line":19,"column":22}},"11":{"start":{"line":20,"column":34},"end":{"line":20,"column":50}},"12":{"start":{"line":22,"column":20},"end":{"line":27,"column":26}},"13":{"start":{"line":24,"column":28},"end":{"line":24,"column":111}},"14":{"start":{"line":26,"column":28},"end":{"line":26,"column":36}},"15":{"start":{"line":29,"column":20},"end":{"line":29,"column":28}},"16":{"start":{"line":35,"column":0},"end":{"line":44,"column":3}},"17":{"start":{"line":36,"column":13},"end":{"line":36,"column":29}},"18":{"start":{"line":37,"column":4},"end":{"line":42,"column":10}},"19":{"start":{"line":39,"column":12},"end":{"line":39,"column":39}},"20":{"start":{"line":41,"column":12},"end":{"line":41,"column":19}},"21":{"start":{"line":45,"column":0},"end":{"line":45,"column":24}}},"fnMap":{"0":{"name":"(anonymous_0)","decl":{"start":{"line":7,"column":17},"end":{"line":7,"column":18}},"loc":{"start":{"line":7,"column":43},"end":{"line":32,"column":1}},"line":7},"1":{"name":"(anonymous_1)","decl":{"start":{"line":10,"column":14},"end":{"line":10,"column":15}},"loc":{"start":{"line":10,"column":24},"end":{"line":31,"column":9}},"line":10},"2":{"name":"(anonymous_2)","decl":{"start":{"line":14,"column":22},"end":{"line":14,"column":23}},"loc":{"start":{"line":14,"column":43},"end":{"line":28,"column":17}},"line":14},"3":{"name":"(anonymous_3)","decl":{"start":{"line":23,"column":30},"end":{"line":23,"column":31}},"loc":{"start":{"line":23,"column":42},"end":{"line":25,"column":25}},"line":23},"4":{"name":"(anonymous_4)","decl":{"start":{"line":25,"column":33},"end":{"line":25,"column":34}},"loc":{"start":{"line":25,"column":40},"end":{"line":27,"column":25}},"line":25},"5":{"name":"(anonymous_5)","decl":{"start":{"line":28,"column":25},"end":{"line":28,"column":26}},"loc":{"start":{"line":28,"column":32},"end":{"line":30,"column":17}},"line":28},"6":{"name":"(anonymous_6)","decl":{"start":{"line":35,"column":24},"end":{"line":35,"column":25}},"loc":{"start":{"line":35,"column":50},"end":{"line":44,"column":1}},"line":35},"7":{"name":"(anonymous_7)","decl":{"start":{"line":38,"column":14},"end":{"line":38,"column":15}},"loc":{"start":{"line":38,"column":24},"end":{"line":40,"column":9}},"line":38},"8":{"name":"(anonymous_8)","decl":{"start":{"line":40,"column":17},"end":{"line":40,"column":18}},"loc":{"start":{"line":40,"column":24},"end":{"line":42,"column":9}},"line":40}},"branchMap":{"0":{"loc":{"start":{"line":11,"column":12},"end":{"line":11,"column":87}},"type":"if","locations":[{"start":{"line":11,"column":12},"end":{"line":11,"column":87}},{"start":{"line":11,"column":12},"end":{"line":11,"column":87}}],"line":11}},"s":{"0":2,"1":2,"2":2,"3":2,"4":2,"5":2,"6":0,"7":0,"8":0,"9":0,"10":0,"11":0,"12":0,"13":0,"14":0,"15":0,"16":2,"17":0,"18":0,"19":0,"20":0,"21":2},"f":{"0":0,"1":0,"2":0,"3":0,"4":0,"5":0,"6":0,"7":0,"8":0},"b":{"0":[0,0]},"_coverageSchema":"43e27e138ebf9cfc5966b082cf9a028302ed4184","hash":"aa6b4dd7fb9b3d632afd13fde84ee823843569d0"}
,"/home/users/adeshpal/adesh/nodes/movies/startup/configs.js": {"path":"/home/users/adeshpal/adesh/nodes/movies/startup/configs.js","statementMap":{"0":{"start":{"line":1,"column":15},"end":{"line":1,"column":32}},"1":{"start":{"line":3,"column":0},"end":{"line":9,"column":1}},"2":{"start":{"line":4,"column":4},"end":{"line":7,"column":5}},"3":{"start":{"line":5,"column":7},"end":{"line":5,"column":62}}},"fnMap":{"0":{"name":"(anonymous_0)","decl":{"start":{"line":3,"column":17},"end":{"line":3,"column":18}},"loc":{"start":{"line":3,"column":29},"end":{"line":9,"column":1}},"line":3}},"branchMap":{"0":{"loc":{"start":{"line":4,"column":4},"end":{"line":7,"column":5}},"type":"if","locations":[{"start":{"line":4,"column":4},"end":{"line":7,"column":5}},{"start":{"line":4,"column":4},"end":{"line":7,"column":5}}],"line":4}},"s":{"0":2,"1":2,"2":2,"3":0},"f":{"0":2},"b":{"0":[0,2]},"_coverageSchema":"43e27e138ebf9cfc5966b082cf9a028302ed4184","hash":"d8522b1c237bbd8693f89d10d6d9207912cae38f"}
,"/home/users/adeshpal/adesh/nodes/movies/startup/db.js": {"path":"/home/users/adeshpal/adesh/nodes/movies/startup/db.js","statementMap":{"0":{"start":{"line":1,"column":17},"end":{"line":1,"column":36}},"1":{"start":{"line":2,"column":14},"end":{"line":2,"column":32}},"2":{"start":{"line":3,"column":13},"end":{"line":3,"column":30}},"3":{"start":{"line":4,"column":0},"end":{"line":12,"column":1}},"4":{"start":{"line":6,"column":11},"end":{"line":6,"column":31}},"5":{"start":{"line":7,"column":4},"end":{"line":11,"column":11}},"6":{"start":{"line":9,"column":12},"end":{"line":9,"column":46}}},"fnMap":{"0":{"name":"(anonymous_0)","decl":{"start":{"line":4,"column":17},"end":{"line":4,"column":18}},"loc":{"start":{"line":4,"column":29},"end":{"line":12,"column":1}},"line":4},"1":{"name":"(anonymous_1)","decl":{"start":{"line":8,"column":14},"end":{"line":8,"column":15}},"loc":{"start":{"line":8,"column":29},"end":{"line":11,"column":9}},"line":8}},"branchMap":{},"s":{"0":3,"1":3,"2":3,"3":3,"4":3,"5":3,"6":2},"f":{"0":3,"1":2},"b":{},"_coverageSchema":"43e27e138ebf9cfc5966b082cf9a028302ed4184","hash":"48a056b02595aad5e6329ae74866d6a0cc0d660b"}
,"/home/users/adeshpal/adesh/nodes/movies/startup/logging.js": {"path":"/home/users/adeshpal/adesh/nodes/movies/startup/logging.js","statementMap":{"0":{"start":{"line":1,"column":16},"end":{"line":1,"column":34}},"1":{"start":{"line":2,"column":0},"end":{"line":2,"column":27}},"2":{"start":{"line":4,"column":0},"end":{"line":20,"column":1}},"3":{"start":{"line":7,"column":4},"end":{"line":9,"column":7}},"4":{"start":{"line":8,"column":8},"end":{"line":8,"column":17}},"5":{"start":{"line":11,"column":4},"end":{"line":16,"column":6}},"6":{"start":{"line":18,"column":4},"end":{"line":18,"column":70}},"7":{"start":{"line":19,"column":4},"end":{"line":19,"column":80}}},"fnMap":{"0":{"name":"(anonymous_0)","decl":{"start":{"line":4,"column":17},"end":{"line":4,"column":18}},"loc":{"start":{"line":4,"column":29},"end":{"line":20,"column":1}},"line":4},"1":{"name":"(anonymous_1)","decl":{"start":{"line":7,"column":37},"end":{"line":7,"column":38}},"loc":{"start":{"line":7,"column":45},"end":{"line":9,"column":5}},"line":7}},"branchMap":{},"s":{"0":2,"1":2,"2":2,"3":2,"4":0,"5":2,"6":2,"7":2},"f":{"0":2,"1":0},"b":{},"_coverageSchema":"43e27e138ebf9cfc5966b082cf9a028302ed4184","hash":"aa4e9810c59e1cfb60c92e033d071463728254a4"}
,"/home/users/adeshpal/adesh/nodes/movies/startup/routers.js": {"path":"/home/users/adeshpal/adesh/nodes/movies/startup/routers.js","statementMap":{"0":{"start":{"line":1,"column":14},"end":{"line":1,"column":32}},"1":{"start":{"line":2,"column":14},"end":{"line":2,"column":45}},"2":{"start":{"line":3,"column":18},"end":{"line":3,"column":52}},"3":{"start":{"line":4,"column":15},"end":{"line":4,"column":46}},"4":{"start":{"line":5,"column":16},"end":{"line":5,"column":47}},"5":{"start":{"line":6,"column":13},"end":{"line":6,"column":43}},"6":{"start":{"line":7,"column":12},"end":{"line":7,"column":44}},"7":{"start":{"line":8,"column":14},"end":{"line":8,"column":46}},"8":{"start":{"line":9,"column":0},"end":{"line":38,"column":1}},"9":{"start":{"line":11,"column":4},"end":{"line":11,"column":28}},"10":{"start":{"line":13,"column":4},"end":{"line":13,"column":52}},"11":{"start":{"line":15,"column":4},"end":{"line":15,"column":33}},"12":{"start":{"line":18,"column":4},"end":{"line":18,"column":41}},"13":{"start":{"line":21,"column":4},"end":{"line":21,"column":35}},"14":{"start":{"line":24,"column":4},"end":{"line":24,"column":37}},"15":{"start":{"line":26,"column":4},"end":{"line":26,"column":37}},"16":{"start":{"line":28,"column":4},"end":{"line":28,"column":32}},"17":{"start":{"line":30,"column":4},"end":{"line":34,"column":7}},"18":{"start":{"line":31,"column":22},"end":{"line":31,"column":50}},"19":{"start":{"line":32,"column":8},"end":{"line":32,"column":27}},"20":{"start":{"line":33,"column":8},"end":{"line":33,"column":20}},"21":{"start":{"line":37,"column":4},"end":{"line":37,"column":19}}},"fnMap":{"0":{"name":"(anonymous_0)","decl":{"start":{"line":9,"column":17},"end":{"line":9,"column":18}},"loc":{"start":{"line":9,"column":32},"end":{"line":38,"column":1}},"line":9},"1":{"name":"(anonymous_1)","decl":{"start":{"line":30,"column":12},"end":{"line":30,"column":13}},"loc":{"start":{"line":30,"column":32},"end":{"line":34,"column":5}},"line":30}},"branchMap":{},"s":{"0":2,"1":2,"2":2,"3":2,"4":2,"5":2,"6":2,"7":2,"8":2,"9":2,"10":2,"11":2,"12":2,"13":2,"14":2,"15":2,"16":2,"17":2,"18":0,"19":0,"20":0,"21":2},"f":{"0":2,"1":0},"b":{},"_coverageSchema":"43e27e138ebf9cfc5966b082cf9a028302ed4184","hash":"b05072a56a8e2dd705792475ff5b669cc9803546"}
}
