TN:
SF:/home/users/adeshpal/adesh/nodes/movies/server.js
FNF:0
FNH:0
DA:1,2
DA:2,2
DA:3,2
DA:4,2
DA:6,2
DA:7,2
DA:8,2
DA:9,2
DA:11,2
DA:12,0
DA:15,2
DA:16,2
LF:12
LH:11
BRDA:11,0,0,0
BRDA:11,0,1,2
BRF:2
BRH:1
end_of_record
TN:
SF:/home/users/adeshpal/adesh/nodes/movies/middlewares/admin.js
FN:3,(anonymous_0)
FNF:1
FNH:0
FNDA:0,(anonymous_0)
DA:1,2
DA:3,2
DA:4,0
DA:5,0
DA:6,0
DA:7,0
DA:8,0
DA:9,0
DA:12,0
LF:9
LH:2
BRDA:7,0,0,0
BRDA:7,0,1,0
BRF:2
BRH:0
end_of_record
TN:
SF:/home/users/adeshpal/adesh/nodes/movies/middlewares/auth.js
FN:3,(anonymous_0)
FNF:1
FNH:1
FNDA:21,(anonymous_0)
DA:1,2
DA:2,2
DA:3,2
DA:4,21
DA:5,21
DA:6,21
DA:7,17
DA:8,17
DA:10,4
LF:9
LH:9
BRF:0
BRH:0
end_of_record
TN:
SF:/home/users/adeshpal/adesh/nodes/movies/middlewares/errors.js
FN:2,(anonymous_0)
FNF:1
FNH:0
FNDA:0,(anonymous_0)
DA:1,2
DA:2,2
DA:3,0
DA:13,0
DA:15,0
LF:5
LH:2
BRDA:13,0,0,0
BRDA:13,0,1,0
BRF:2
BRH:0
end_of_record
TN:
SF:/home/users/adeshpal/adesh/nodes/movies/middlewares/id_check.js
FN:2,(anonymous_0)
FNF:1
FNH:1
FNDA:9,(anonymous_0)
DA:1,2
DA:2,2
DA:3,9
DA:4,3
DA:6,6
LF:5
LH:5
BRDA:3,0,0,3
BRDA:3,0,1,6
BRF:2
BRH:2
end_of_record
TN:
SF:/home/users/adeshpal/adesh/nodes/movies/models/customer.js
FNF:0
FNH:0
DA:1,2
DA:3,2
DA:14,2
LF:3
LH:3
BRF:0
BRH:0
end_of_record
TN:
SF:/home/users/adeshpal/adesh/nodes/movies/models/genres.js
FNF:0
FNH:0
DA:1,2
DA:3,2
DA:7,2
LF:3
LH:3
BRF:0
BRH:0
end_of_record
TN:
SF:/home/users/adeshpal/adesh/nodes/movies/models/movies.js
FNF:0
FNH:0
DA:1,2
DA:4,2
DA:16,2
LF:3
LH:3
BRF:0
BRH:0
end_of_record
TN:
SF:/home/users/adeshpal/adesh/nodes/movies/models/rental.js
FNF:0
FNH:0
DA:1,2
DA:3,2
DA:68,2
LF:3
LH:3
BRF:0
BRH:0
end_of_record
TN:
SF:/home/users/adeshpal/adesh/nodes/movies/models/users.js
FN:12,(anonymous_0)
FNF:1
FNH:1
FNDA:17,(anonymous_0)
DA:1,2
DA:2,2
DA:3,2
DA:4,2
DA:12,2
DA:14,17
DA:15,17
DA:17,2
LF:8
LH:8
BRF:0
BRH:0
end_of_record
TN:
SF:/home/users/adeshpal/adesh/nodes/movies/routes/customers_api.js
FN:7,(anonymous_0)
FN:15,(anonymous_1)
FN:28,(anonymous_2)
FN:43,(anonymous_3)
FN:54,validateCustomers
FNF:5
FNH:0
FNDA:0,(anonymous_0)
FNDA:0,(anonymous_1)
FNDA:0,(anonymous_2)
FNDA:0,(anonymous_3)
FNDA:0,validateCustomers
DA:1,2
DA:2,2
DA:3,2
DA:4,2
DA:7,2
DA:9,0
DA:10,0
DA:15,2
DA:16,0
DA:17,0
DA:18,0
DA:23,0
DA:24,0
DA:28,2
DA:29,0
DA:30,0
DA:31,0
DA:32,0
DA:34,0
DA:36,0
DA:37,0
DA:38,0
DA:39,0
DA:43,2
DA:45,0
DA:46,0
DA:47,0
DA:48,0
DA:50,0
DA:55,0
DA:61,0
DA:63,2
LF:32
LH:9
BRDA:17,0,0,0
BRDA:17,0,1,0
BRDA:24,1,0,0
BRDA:24,1,1,0
BRDA:30,2,0,0
BRDA:30,2,1,0
BRDA:34,3,0,0
BRDA:34,3,1,0
BRDA:38,4,0,0
BRDA:38,4,1,0
BRDA:47,5,0,0
BRDA:47,5,1,0
BRF:12
BRH:0
end_of_record
TN:
SF:/home/users/adeshpal/adesh/nodes/movies/routes/genres_api.js
FN:8,(anonymous_0)
FN:10,(anonymous_1)
FN:12,(anonymous_2)
FN:16,(anonymous_3)
FN:20,(anonymous_4)
FN:22,(anonymous_5)
FN:27,(anonymous_6)
FN:34,(anonymous_7)
FN:36,(anonymous_8)
FN:41,(anonymous_9)
FN:47,(anonymous_10)
FN:51,(anonymous_11)
FN:57,(anonymous_12)
FN:60,(anonymous_13)
FN:63,(anonymous_14)
FN:69,validateGenre
FNF:16
FNH:11
FNDA:1,(anonymous_0)
FNDA:1,(anonymous_1)
FNDA:0,(anonymous_2)
FNDA:1,(anonymous_3)
FNDA:1,(anonymous_4)
FNDA:0,(anonymous_5)
FNDA:3,(anonymous_6)
FNDA:1,(anonymous_7)
FNDA:0,(anonymous_8)
FNDA:3,(anonymous_9)
FNDA:1,(anonymous_10)
FNDA:0,(anonymous_11)
FNDA:2,(anonymous_12)
FNDA:2,(anonymous_13)
FNDA:0,(anonymous_14)
FNDA:6,validateGenre
DA:1,2
DA:2,2
DA:3,2
DA:4,2
DA:5,2
DA:6,2
DA:8,2
DA:9,1
DA:11,1
DA:13,0
DA:16,2
DA:19,1
DA:21,1
DA:23,0
DA:27,2
DA:28,3
DA:29,3
DA:30,1
DA:33,1
DA:35,1
DA:37,0
DA:41,2
DA:42,3
DA:43,3
DA:44,1
DA:46,1
DA:48,1
DA:49,0
DA:52,0
DA:57,2
DA:59,2
DA:61,2
DA:62,1
DA:64,0
DA:70,6
DA:73,6
DA:76,2
LF:37
LH:31
BRDA:29,0,0,2
BRDA:29,0,1,1
BRDA:43,1,0,2
BRDA:43,1,1,1
BRDA:48,2,0,1
BRDA:48,2,1,0
BRDA:61,3,0,1
BRDA:61,3,1,1
BRF:8
BRH:7
end_of_record
TN:
SF:/home/users/adeshpal/adesh/nodes/movies/routes/movies_api.js
FN:10,(anonymous_0)
FN:12,(anonymous_1)
FN:14,(anonymous_2)
FN:20,(anonymous_3)
FN:25,(anonymous_4)
FN:41,(anonymous_5)
FN:43,(anonymous_6)
FN:48,(anonymous_7)
FN:55,asyncMiddleware
FN:56,(anonymous_9)
FN:69,(anonymous_10)
FN:74,(anonymous_11)
FN:87,(anonymous_12)
FN:104,(anonymous_13)
FN:109,(anonymous_14)
FN:113,(anonymous_15)
FN:119,(anonymous_16)
FN:121,(anonymous_17)
FN:126,(anonymous_18)
FN:129,(anonymous_19)
FN:135,validateData
FNF:21
FNH:1
FNDA:0,(anonymous_0)
FNDA:0,(anonymous_1)
FNDA:0,(anonymous_2)
FNDA:0,(anonymous_3)
FNDA:0,(anonymous_4)
FNDA:0,(anonymous_5)
FNDA:0,(anonymous_6)
FNDA:0,(anonymous_7)
FNDA:2,asyncMiddleware
FNDA:0,(anonymous_9)
FNDA:0,(anonymous_10)
FNDA:0,(anonymous_11)
FNDA:0,(anonymous_12)
FNDA:0,(anonymous_13)
FNDA:0,(anonymous_14)
FNDA:0,(anonymous_15)
FNDA:0,(anonymous_16)
FNDA:0,(anonymous_17)
FNDA:0,(anonymous_18)
FNDA:0,(anonymous_19)
FNDA:0,validateData
DA:1,2
DA:2,2
DA:3,2
DA:4,2
DA:5,2
DA:6,2
DA:7,2
DA:10,2
DA:11,0
DA:13,0
DA:15,0
DA:20,2
DA:22,0
DA:23,0
DA:24,0
DA:27,0
DA:31,0
DA:40,0
DA:42,0
DA:44,0
DA:49,0
DA:56,2
DA:58,0
DA:59,0
DA:62,0
DA:69,2
DA:73,0
DA:75,0
DA:77,0
DA:86,0
DA:88,0
DA:104,2
DA:106,0
DA:108,0
DA:110,0
DA:111,0
DA:114,0
DA:119,2
DA:121,0
DA:122,0
DA:123,0
DA:125,0
DA:127,0
DA:130,0
DA:136,0
DA:142,0
DA:145,2
LF:47
LH:14
BRDA:23,0,0,0
BRDA:23,0,1,0
BRDA:27,1,0,0
BRDA:27,1,1,0
BRDA:75,2,0,0
BRDA:75,2,1,0
BRDA:110,3,0,0
BRDA:110,3,1,0
BRDA:122,4,0,0
BRDA:122,4,1,0
BRDA:123,5,0,0
BRDA:123,5,1,0
BRF:12
BRH:0
end_of_record
TN:
SF:/home/users/adeshpal/adesh/nodes/movies/routes/rental_api.js
FN:12,(anonymous_0)
FN:15,(anonymous_1)
FN:17,(anonymous_2)
FN:23,(anonymous_3)
FN:29,(anonymous_4)
FN:34,(anonymous_5)
FN:71,(anonymous_6)
FN:74,(anonymous_7)
FN:80,validateRental
FNF:9
FNH:0
FNDA:0,(anonymous_0)
FNDA:0,(anonymous_1)
FNDA:0,(anonymous_2)
FNDA:0,(anonymous_3)
FNDA:0,(anonymous_4)
FNDA:0,(anonymous_5)
FNDA:0,(anonymous_6)
FNDA:0,(anonymous_7)
FNDA:0,validateRental
DA:1,2
DA:2,2
DA:3,2
DA:4,2
DA:5,2
DA:6,2
DA:7,2
DA:8,2
DA:9,2
DA:10,2
DA:11,2
DA:12,2
DA:14,0
DA:16,0
DA:18,0
DA:23,2
DA:25,0
DA:26,0
DA:28,0
DA:31,0
DA:33,0
DA:35,0
DA:37,0
DA:39,0
DA:58,0
DA:59,0
DA:65,0
DA:68,0
DA:72,0
DA:75,0
DA:82,0
DA:87,0
DA:91,2
LF:33
LH:14
BRDA:26,0,0,0
BRDA:26,0,1,0
BRDA:31,1,0,0
BRDA:31,1,1,0
BRDA:35,2,0,0
BRDA:35,2,1,0
BRDA:37,3,0,0
BRDA:37,3,1,0
BRF:8
BRH:0
end_of_record
TN:
SF:/home/users/adeshpal/adesh/nodes/movies/routes/returns_api.js
FN:9,(anonymous_0)
FN:16,(anonymous_1)
FN:23,(anonymous_2)
FN:24,(anonymous_3)
FN:26,(anonymous_4)
FN:31,(anonymous_5)
FNF:6
FNH:4
FNDA:7,(anonymous_0)
FNDA:5,(anonymous_1)
FNDA:3,(anonymous_2)
FNDA:3,(anonymous_3)
FNDA:0,(anonymous_4)
FNDA:0,(anonymous_5)
DA:1,2
DA:2,2
DA:3,2
DA:4,2
DA:5,2
DA:6,2
DA:9,2
DA:10,7
DA:11,6
DA:13,5
DA:17,5
DA:18,5
DA:19,4
DA:21,3
DA:22,3
DA:23,3
DA:24,3
DA:27,0
DA:30,3
DA:32,0
DA:41,2
LF:21
LH:19
BRDA:10,0,0,1
BRDA:10,0,1,6
BRDA:11,1,0,1
BRDA:11,1,1,5
BRDA:17,2,0,0
BRDA:17,2,1,5
BRDA:18,3,0,1
BRDA:18,3,1,4
BRDA:19,4,0,1
BRDA:19,4,1,3
BRF:10
BRH:9
end_of_record
TN:
SF:/home/users/adeshpal/adesh/nodes/movies/routes/users_api.js
FN:7,(anonymous_0)
FN:10,(anonymous_1)
FN:14,(anonymous_2)
FN:23,(anonymous_3)
FN:25,(anonymous_4)
FN:28,(anonymous_5)
FN:35,(anonymous_6)
FN:38,(anonymous_7)
FN:40,(anonymous_8)
FNF:9
FNH:0
FNDA:0,(anonymous_0)
FNDA:0,(anonymous_1)
FNDA:0,(anonymous_2)
FNDA:0,(anonymous_3)
FNDA:0,(anonymous_4)
FNDA:0,(anonymous_5)
FNDA:0,(anonymous_6)
FNDA:0,(anonymous_7)
FNDA:0,(anonymous_8)
DA:1,2
DA:2,2
DA:3,2
DA:4,2
DA:5,2
DA:7,2
DA:9,0
DA:11,0
DA:13,0
DA:15,0
DA:20,0
DA:22,0
DA:24,0
DA:26,0
DA:29,0
DA:35,2
DA:36,0
DA:37,0
DA:39,0
DA:41,0
DA:45,2
LF:21
LH:8
BRDA:11,0,0,0
BRDA:11,0,1,0
BRF:2
BRH:0
end_of_record
TN:
SF:/home/users/adeshpal/adesh/nodes/movies/startup/configs.js
FN:3,(anonymous_0)
FNF:1
FNH:1
FNDA:2,(anonymous_0)
DA:1,2
DA:3,2
DA:4,2
DA:5,0
LF:4
LH:3
BRDA:4,0,0,0
BRDA:4,0,1,2
BRF:2
BRH:1
end_of_record
TN:
SF:/home/users/adeshpal/adesh/nodes/movies/startup/db.js
FN:4,(anonymous_0)
FN:8,(anonymous_1)
FNF:2
FNH:2
FNDA:3,(anonymous_0)
FNDA:2,(anonymous_1)
DA:1,3
DA:2,3
DA:3,3
DA:4,3
DA:6,3
DA:7,3
DA:9,2
LF:7
LH:7
BRF:0
BRH:0
end_of_record
TN:
SF:/home/users/adeshpal/adesh/nodes/movies/startup/logging.js
FN:4,(anonymous_0)
FN:7,(anonymous_1)
FNF:2
FNH:1
FNDA:2,(anonymous_0)
FNDA:0,(anonymous_1)
DA:1,2
DA:2,2
DA:4,2
DA:7,2
DA:8,0
DA:11,2
DA:18,2
DA:19,2
LF:8
LH:7
BRF:0
BRH:0
end_of_record
TN:
SF:/home/users/adeshpal/adesh/nodes/movies/startup/routers.js
FN:9,(anonymous_0)
FN:30,(anonymous_1)
FNF:2
FNH:1
FNDA:2,(anonymous_0)
FNDA:0,(anonymous_1)
DA:1,2
DA:2,2
DA:3,2
DA:4,2
DA:5,2
DA:6,2
DA:7,2
DA:8,2
DA:9,2
DA:11,2
DA:13,2
DA:15,2
DA:18,2
DA:21,2
DA:24,2
DA:26,2
DA:28,2
DA:30,2
DA:31,0
DA:32,0
DA:33,0
DA:37,2
LF:22
LH:19
BRF:0
BRH:0
end_of_record
